0 info it worked if it ends with ok
1 verbose cli [ 'D:\\Node_Js\\node.exe',
1 verbose cli   'D:\\Node_Js\\node_modules\\npm\\bin\\npm-cli.js',
1 verbose cli   'start' ]
2 info using npm@3.10.10
3 info using node@v6.10.2
4 verbose run-script [ 'prestart', 'start', 'poststart' ]
5 info lifecycle sedona@1.0.0~prestart: sedona@1.0.0
6 silly lifecycle sedona@1.0.0~prestart: no script for prestart, continuing
7 info lifecycle sedona@1.0.0~start: sedona@1.0.0
8 verbose lifecycle sedona@1.0.0~start: unsafe-perm in lifecycle true
9 verbose lifecycle sedona@1.0.0~start: PATH: D:\Node_Js\node_modules\npm\bin\node-gyp-bin;D:\HtmlAcademy\Sedona\Sedona\node_modules\.bin;D:\cmder\bin;D:\cmder\vendor\conemu-maximus5\ConEmu\Scripts;D:\cmder\vendor\conemu-maximus5;D:\cmder\vendor\conemu-maximus5\ConEmu;C:\Windows\system32;C:\Windows;C:\Windows\System32\Wbem;C:\Windows\System32\WindowsPowerShell\v1.0\;C:\Program Files\Microsoft SQL Server\120\Tools\Binn\;C:\Program Files\Microsoft SQL Server\130\Tools\Binn\;C:\Program Files (x86)\Microsoft Emulator Manager\1.0\;C:\Program Files (x86)\Windows Kits\10\Windows Performance Toolkit\;C:\Program Files (x86)\GtkSharp\2.12\bin;C:\Program Files (x86)\Skype\Phone\;C:\Program Files (x86)\Microsoft SQL Server\100\Tools\Binn\;C:\Program Files\Microsoft SQL Server\100\Tools\Binn\;C:\Program Files\Microsoft SQL Server\100\DTS\Binn\;C:\Program Files (x86)\Microsoft SQL Server\110\DTS\Binn\;C:\Program Files (x86)\Microsoft SQL Server\120\DTS\Binn\;C:\Program Files (x86)\Microsoft SQL Server\130\DTS\Binn\;C:\Program Files\Microsoft\Web Platform Installer\;D:\Git\cmd;C:\Program Files\dotnet\;D:\weget;D:\Node_Js\;D:\Open_Server_Premium\OpenServer\modules\php\PHP-7.1;C:\Users\GoldGym\AppData\Local\Microsoft\WindowsApps;D:\Open_Server_Premium\OpenServer\modules\php\PHP-7.0;C:\Users\GoldGym\AppData\Local\atom\bin;C:\Users\GoldGym\AppData\Roaming\npm;D:\Git\usr\bin;D:\Git\usr\share\vim\vim74;D:\cmder\
10 verbose lifecycle sedona@1.0.0~start: CWD: D:\HtmlAcademy\Sedona\Sedona
11 silly lifecycle sedona@1.0.0~start: Args: [ '/d /s /c', 'npm run build && gulp serve' ]
12 silly lifecycle sedona@1.0.0~start: Returned: code: 3221225786  signal: null
13 info lifecycle sedona@1.0.0~start: Failed to exec start script
14 verbose stack Error: sedona@1.0.0 start: `npm run build && gulp serve`
14 verbose stack Exit status 3221225786
14 verbose stack     at EventEmitter.<anonymous> (D:\Node_Js\node_modules\npm\lib\utils\lifecycle.js:255:16)
14 verbose stack     at emitTwo (events.js:106:13)
14 verbose stack     at EventEmitter.emit (events.js:191:7)
14 verbose stack     at ChildProcess.<anonymous> (D:\Node_Js\node_modules\npm\lib\utils\spawn.js:40:14)
14 verbose stack     at emitTwo (events.js:106:13)
14 verbose stack     at ChildProcess.emit (events.js:191:7)
14 verbose stack     at maybeClose (internal/child_process.js:886:16)
14 verbose stack     at Process.ChildProcess._handle.onexit (internal/child_process.js:226:5)
15 verbose pkgid sedona@1.0.0
16 verbose cwd D:\HtmlAcademy\Sedona\Sedona
17 error Windows_NT 10.0.14393
18 error argv "D:\\Node_Js\\node.exe" "D:\\Node_Js\\node_modules\\npm\\bin\\npm-cli.js" "start"
19 error node v6.10.2
20 error npm  v3.10.10
21 error code ELIFECYCLE
22 error sedona@1.0.0 start: `npm run build && gulp serve`
22 error Exit status 3221225786
23 error Failed at the sedona@1.0.0 start script 'npm run build && gulp serve'.
23 error Make sure you have the latest version of node.js and npm installed.
23 error If you do, this is most likely a problem with the sedona package,
23 error not with npm itself.
23 error Tell the author that this fails on your system:
23 error     npm run build && gulp serve
23 error You can get information on how to open an issue for this project with:
23 error     npm bugs sedona
23 error Or if that isn't available, you can get their info via:
23 error     npm owner ls sedona
23 error There is likely additional logging output above.
24 verbose exit [ 1, true ]
